<?xml version="1.0" encoding="UTF-8"?>
<!-- Generated by org.testng.reporters.JUnitReportReporter -->
<testsuite skipped="0" hostname="Saathappan" name="Rest1.GetWithParameter" tests="1" failures="0" timestamp="2022-01-09T19:07:14 IST" time="3.664" errors="0">
  <testcase name="GetWithParameter" time="3.664" classname="Rest1.GetWithParameter"/>
  <system-out/>
</testsuite> <!-- Rest1.GetWithParameter -->
