<?xml version="1.0" encoding="UTF-8"?>
<!-- Generated by org.testng.reporters.JUnitReportReporter -->
<testsuite skipped="0" hostname="Saathappan" name="Rest1.PutRequest" tests="1" failures="0" timestamp="2022-01-09T19:07:35 IST" time="5.145" errors="0">
  <testcase name="PutRequest" time="5.145" classname="Rest1.PutRequest"/>
  <system-out/>
</testsuite> <!-- Rest1.PutRequest -->
