<?xml version="1.0" encoding="UTF-8"?>
<!-- Generated by org.testng.reporters.JUnitReportReporter -->
<testsuite skipped="0" hostname="Saathappan" name="Rest1.GetWithOutParameter" tests="1" failures="0" timestamp="2022-01-09T18:56:44 IST" time="3.847" errors="0">
  <testcase name="GetWithOutParameter" time="3.847" classname="Rest1.GetWithOutParameter"/>
  <system-out/>
</testsuite> <!-- Rest1.GetWithOutParameter -->
